{
  "RSpec": {
    "coverage": {
      "/Users/jgorset/code/ruby/knowledge_base/app/controllers/knowledge_base/articles_controller.rb": [
        1,
        null,
        1,
        1,
        1,
        null,
        null
      ],
      "/Users/jgorset/code/ruby/knowledge_base/app/controllers/knowledge_base/application_controller.rb": [
        1,
        1,
        null,
        null
      ],
      "/Users/jgorset/code/ruby/knowledge_base/spec/dummy/app/controllers/application_controller.rb": [
        1,
        null,
        null,
        1,
        null
      ],
      "/Users/jgorset/code/ruby/knowledge_base/app/helpers/knowledge_base/application_helper.rb": [
        1,
        1,
        null,
        null
      ],
      "/Users/jgorset/code/ruby/knowledge_base/spec/controllers/knowledge_base/categories_controller_spec.rb": [
        1,
        null,
        1,
        1,
        3,
        null,
        1,
        1,
        1,
        1,
        null,
        null,
        null,
        1,
        1,
        1,
        null,
        1,
        null,
        1,
        null,
        null,
        null,
        null,
        null
      ],
      "/Users/jgorset/code/ruby/knowledge_base/app/controllers/knowledge_base/categories_controller.rb": [
        1,
        null,
        1,
        1,
        1,
        null,
        null
      ],
      "/Users/jgorset/code/ruby/knowledge_base/spec/lib/knowledge_base/configuration_spec.rb": [
        1,
        null,
        1,
        1,
        3,
        null,
        null,
        1,
        1,
        1,
        null,
        null,
        1,
        1,
        1,
        null,
        null,
        null,
        1,
        1,
        1,
        null,
        null,
        null
      ],
      "/Users/jgorset/code/ruby/knowledge_base/spec/lib/knowledge_base_spec.rb": [
        1,
        null,
        1,
        1,
        2,
        null,
        1,
        1,
        1,
        null,
        null,
        1,
        null,
        null,
        1,
        1,
        null,
        null,
        null
      ],
      "/Users/jgorset/code/ruby/knowledge_base/spec/models/knowledge_base/article_spec.rb": [
        1,
        null,
        1,
        1,
        null,
        null
      ],
      "/Users/jgorset/code/ruby/knowledge_base/app/models/knowledge_base/article.rb": [
        1,
        1,
        1,
        null,
        null
      ],
      "/Users/jgorset/code/ruby/knowledge_base/spec/models/knowledge_base/category_article_association_spec.rb": [
        1,
        null,
        1,
        1,
        null,
        null
      ],
      "/Users/jgorset/code/ruby/knowledge_base/app/models/knowledge_base/category_article_association.rb": [
        1,
        1,
        1,
        1,
        null,
        null
      ],
      "/Users/jgorset/code/ruby/knowledge_base/spec/models/knowledge_base/category_spec.rb": [
        1,
        null,
        1,
        1,
        null,
        null
      ],
      "/Users/jgorset/code/ruby/knowledge_base/app/models/knowledge_base/category.rb": [
        1,
        1,
        1,
        null,
        null
      ],
      "/Users/jgorset/code/ruby/knowledge_base/spec/models/knowledge_base/section_spec.rb": [
        1,
        null,
        1,
        1,
        null,
        null
      ],
      "/Users/jgorset/code/ruby/knowledge_base/app/models/knowledge_base/section.rb": [
        1,
        1,
        null,
        null,
        1,
        null,
        1,
        null,
        1,
        null,
        null
      ],
      "/Users/jgorset/code/ruby/knowledge_base/spec/models/knowledge_base/sectionables/attachments/attachment_spec.rb": [
        1,
        null,
        1,
        1,
        null,
        null
      ],
      "/Users/jgorset/code/ruby/knowledge_base/app/models/knowledge_base/sectionables.rb": [
        1,
        1,
        1,
        0,
        null,
        null,
        null
      ],
      "/Users/jgorset/code/ruby/knowledge_base/app/models/knowledge_base/sectionables/attachments/attachment.rb": [
        1,
        1,
        1,
        null,
        1,
        null,
        null
      ],
      "/Users/jgorset/code/ruby/knowledge_base/app/uploaders/knowledge_base/generic_file_uploader.rb": [
        1,
        1,
        1,
        0,
        null,
        null,
        null
      ],
      "/Users/jgorset/code/ruby/knowledge_base/spec/models/knowledge_base/sectionables/attachments/list_spec.rb": [
        1,
        null,
        1,
        1,
        null,
        null
      ],
      "/Users/jgorset/code/ruby/knowledge_base/app/models/knowledge_base/sectionables/attachments/list.rb": [
        1,
        1,
        1,
        null,
        1,
        1,
        null,
        1,
        0,
        null,
        null,
        null
      ],
      "/Users/jgorset/code/ruby/knowledge_base/app/models/knowledge_base/sectionables/sectionable.rb": [
        1,
        1,
        1,
        null,
        1,
        0,
        null,
        null,
        null
      ],
      "/Users/jgorset/code/ruby/knowledge_base/spec/models/knowledge_base/sectionables/gallery/image_spec.rb": [
        1,
        null,
        1,
        1,
        null,
        null
      ],
      "/Users/jgorset/code/ruby/knowledge_base/app/models/knowledge_base/sectionables/gallery.rb": [
        1,
        1,
        1,
        null,
        null,
        1,
        null,
        1,
        null,
        1,
        0,
        null,
        null,
        null
      ],
      "/Users/jgorset/code/ruby/knowledge_base/app/models/knowledge_base/sectionables/gallery/image.rb": [
        1,
        1,
        1,
        null,
        1,
        null,
        null
      ],
      "/Users/jgorset/code/ruby/knowledge_base/app/uploaders/knowledge_base/image_uploader.rb": [
        null,
        null,
        1,
        1,
        null,
        null,
        null,
        1,
        null,
        null,
        null,
        1,
        0,
        null,
        null,
        null,
        null,
        null,
        null,
        null,
        null,
        null,
        null,
        null,
        1,
        null,
        null,
        null,
        null,
        null,
        null,
        null,
        1,
        1,
        null,
        null,
        null,
        null,
        null,
        null,
        null,
        null,
        null,
        null,
        null,
        null,
        null,
        null,
        null,
        null
      ],
      "/Users/jgorset/code/ruby/knowledge_base/spec/models/knowledge_base/sectionables/gallery_spec.rb": [
        1,
        null,
        1,
        1,
        null,
        null
      ],
      "/Users/jgorset/code/ruby/knowledge_base/spec/models/knowledge_base/sectionables/image_spec.rb": [
        1,
        null,
        1,
        1,
        null,
        null
      ],
      "/Users/jgorset/code/ruby/knowledge_base/app/models/knowledge_base/sectionables/image.rb": [
        1,
        1,
        1,
        null,
        1,
        null,
        1,
        0,
        null,
        null,
        null
      ],
      "/Users/jgorset/code/ruby/knowledge_base/spec/models/knowledge_base/sectionables/links/link_spec.rb": [
        1,
        null,
        1,
        1,
        null,
        null
      ],
      "/Users/jgorset/code/ruby/knowledge_base/app/models/knowledge_base/sectionables/links.rb": [
        1,
        1,
        1,
        0,
        null,
        null,
        null
      ],
      "/Users/jgorset/code/ruby/knowledge_base/app/models/knowledge_base/sectionables/links/link.rb": [
        1,
        1,
        1,
        null,
        null
      ],
      "/Users/jgorset/code/ruby/knowledge_base/spec/models/knowledge_base/sectionables/links_spec.rb": [
        1,
        null,
        1,
        1,
        null,
        null
      ],
      "/Users/jgorset/code/ruby/knowledge_base/spec/models/knowledge_base/sectionables/list/item_spec.rb": [
        1,
        null,
        1,
        1,
        null,
        null
      ],
      "/Users/jgorset/code/ruby/knowledge_base/app/models/knowledge_base/sectionables/list.rb": [
        1,
        1,
        1,
        null,
        1,
        null,
        1,
        null,
        1,
        null,
        1,
        0,
        null,
        null,
        null
      ],
      "/Users/jgorset/code/ruby/knowledge_base/app/models/knowledge_base/sectionables/list/item.rb": [
        1,
        1,
        1,
        null,
        null
      ],
      "/Users/jgorset/code/ruby/knowledge_base/spec/models/knowledge_base/sectionables/list_spec.rb": [
        1,
        null,
        1,
        1,
        null,
        null
      ],
      "/Users/jgorset/code/ruby/knowledge_base/spec/models/knowledge_base/sectionables/text_spec.rb": [
        1,
        null,
        1,
        1,
        null,
        null
      ],
      "/Users/jgorset/code/ruby/knowledge_base/app/models/knowledge_base/sectionables/text.rb": [
        1,
        1,
        1,
        null,
        1,
        null,
        1,
        0,
        null,
        null,
        null
      ],
      "/Users/jgorset/code/ruby/knowledge_base/spec/models/knowledge_base/sectionables/video_spec.rb": [
        1,
        null,
        1,
        1,
        null,
        null
      ],
      "/Users/jgorset/code/ruby/knowledge_base/app/models/knowledge_base/sectionables/video.rb": [
        1,
        1,
        1,
        null,
        1,
        null,
        1,
        0,
        null,
        null,
        null
      ],
      "/Users/jgorset/code/ruby/knowledge_base/spec/views/knowledge_base/articles/show.html.erb_spec.rb": [
        1,
        null,
        1,
        null
      ],
      "/Users/jgorset/code/ruby/knowledge_base/spec/views/knowledge_base/categories/index.html.erb_spec.rb": [
        1,
        null,
        1,
        null
      ],
      "/Users/jgorset/code/ruby/knowledge_base/spec/views/knowledge_base/categories/show.html.erb_spec.rb": [
        1,
        null,
        1,
        null
      ]
    },
    "timestamp": 1397301471
  }
}
